<?xml version="1.0" encoding="UTF-8"?>
<coverage generated="1672442151442" clover="3.2.0">
  <project timestamp="1672442151442" name="All files">
    <metrics statements="16" coveredstatements="16" conditionals="1" coveredconditionals="1" methods="2" coveredmethods="2" elements="19" coveredelements="19" complexity="0" loc="16" ncloc="16" packages="1" files="1" classes="1"/>
    <file name="helper.ts" path="/Users/tomasshanahan/Desktop/Nest/prodeman-backend/test/helper.ts">
      <metrics statements="16" coveredstatements="16" conditionals="1" coveredconditionals="1" methods="2" coveredmethods="2"/>
      <line num="1" count="9" type="stmt"/>
      <line num="2" count="9" type="stmt"/>
      <line num="3" count="9" type="stmt"/>
      <line num="4" count="9" type="stmt"/>
      <line num="5" count="9" type="stmt"/>
      <line num="6" count="9" type="stmt"/>
      <line num="7" count="9" type="stmt"/>
      <line num="8" count="9" type="stmt"/>
      <line num="9" count="9" type="stmt"/>
      <line num="10" count="9" type="stmt"/>
      <line num="12" count="9" type="stmt"/>
      <line num="13" count="33" type="cond" truecount="1" falsecount="0"/>
      <line num="14" count="33" type="stmt"/>
      <line num="15" count="33" type="stmt"/>
      <line num="19" count="9" type="stmt"/>
      <line num="20" count="8" type="stmt"/>
    </file>
  </project>
</coverage>
